liminf for <function <lambda> at 0x0109D4B0>
1000, now 1e-06, NEXT -9.98002996004994e-07
2000, now 2.5e-07, NEXT -2.4975018737507806e-07
3000, now 1.1111111111111111e-07, NEXT -1.1103707405762002e-07
4000, now 6.25e-08, NEXT -6.246876171484497e-08
5000, now 4e-08, NEXT -3.998400479872032e-08
6000, now 2.7777777777777777e-08, NEXT -2.7768520832819037e-08
7000, now 2.0408163265306123e-08, NEXT -2.0402333610757464e-08
8000, now 1.5625e-08, NEXT -1.5621094482299824e-08
9000, now 1.234567901234568e-08, NEXT -1.2342935985300353e-08
10000, now 1e-08, NEXT -9.998000299960006e-09
11000, now 8.264462809917355e-09, NEXT -8.262960385194754e-09
12000, now 6.944444444444444e-09, NEXT -6.94328718169689e-09
13000, now 5.91715976331361e-09, NEXT -5.916249536069897e-09
14000, now 5.102040816326531e-09, NEXT -5.101312031437795e-09
15000, now 4.444444444444444e-09, NEXT -4.443851911105844e-09
16000, now 3.90625e-09, NEXT -3.9057617645225525e-09
17000, now 3.4602076124567474e-09, NEXT -3.4598005651245162e-09
18000, now 3.08641975308642e-09, NEXT -3.086076846134143e-09
19000, now 2.770083102493075e-09, NEXT -2.7697915378165414e-09
20000, now 2.5e-09, NEXT -2.4997500187487502e-09
21000, now 2.2675736961451247e-09, NEXT -2.267357752170184e-09
22000, now 2.066115702479339e-09, NEXT -2.0659278865848397e-09
23000, now 1.890359168241966e-09, NEXT -1.89019479990361e-09
24000, now 1.736111111111111e-09, NEXT -1.7359664442269283e-09
25000, now 1.6e-09, NEXT -1.5998720076795905e-09
26000, now 1.4792899408284025e-09, NEXT -1.479176155859052e-09
27000, now 1.3717421124828533e-09, NEXT -1.3716405076007531e-09
28000, now 1.2755102040816327e-09, NEXT -1.275419101090459e-09
29000, now 1.1890606420927467e-09, NEXT -1.188978642151934e-09
30000, now 1.111111111111111e-09, NEXT -1.1110370407405762e-09
31000, now 1.0405827263267429e-09, NEXT -1.0405155952056e-09
32000, now 9.765625e-10, NEXT -9.765014677046536e-10
33000, now 9.182736455463728e-10, NEXT -9.182179951277351e-10
34000, now 8.650519031141868e-10, NEXT -8.650010199529777e-10
35000, now 8.163265306122449e-10, NEXT -8.16279885381015e-10
36000, now 7.71604938271605e-10, NEXT -7.715620731166462e-10
37000, now 7.304601899196494e-10, NEXT -7.304207071857177e-10
38000, now 6.925207756232687e-10, NEXT -6.924843286000984e-10
39000, now 6.574621959237344e-10, NEXT -6.574284812104123e-10
40000, now 6.25e-10, NEXT -6.249687511718359e-10
41000, now 5.948839976204641e-10, NEXT -5.948549799504992e-10
42000, now 5.668934240362812e-10, NEXT -5.66866430075401e-10
43000, now 5.408328826392645e-10, NEXT -5.408077284989407e-10
44000, now 5.165289256198347e-10, NEXT -5.165054478326887e-10
45000, now 4.938271604938271e-10, NEXT -4.938052133516016e-10
46000, now 4.725897920604915e-10, NEXT -4.725692453482319e-10
47000, now 4.526935264825713e-10, NEXT -4.5267426354302974e-10
48000, now 4.3402777777777777e-10, NEXT -4.3400969385216165e-10
49000, now 4.1649312786339027e-10, NEXT -4.1647612866427104e-10
50000, now 4e-10, NEXT -3.999840004799872e-10
51000, now 3.8446751249519413e-10, NEXT -3.844524357812756e-10
52000, now 3.698224852071006e-10, NEXT -3.6980826167565734e-10
53000, now 3.55998576005696e-10, NEXT -3.5598514247736286e-10
54000, now 3.429355281207133e-10, NEXT -3.429228271576626e-10
55000, now 3.305785123966942e-10, NEXT -3.305664916877183e-10
56000, now 3.188775510204082e-10, NEXT -3.188661628414846e-10
57000, now 3.0778701138811944e-10, NEXT -3.0777621212805206e-10
58000, now 2.9726516052318667e-10, NEXT -2.9725491026550366e-10
59000, now 2.872737719046251e-10, NEXT -2.872640340582353e-10
60000, now 2.7777777777777777e-10, NEXT -2.7776851874999484e-10
61000, now 2.6874496103198067e-10, NEXT -2.687361499384497e-10
62000, now 2.601456815816857e-10, NEXT -2.6013728998852863e-10
63000, now 2.519526329050139e-10, NEXT -2.5194463459916754e-10
64000, now 2.44140625e-10, NEXT -2.4413299578427896e-10
65000, now 2.366863905325444e-10, NEXT -2.36679108042432e-10
66000, now 2.295684113865932e-10, NEXT -2.295614549261681e-10
67000, now 2.2276676319893073e-10, NEXT -2.227601135936775e-10
68000, now 2.162629757785467e-10, NEXT -2.162566152430948e-10
69000, now 2.1003990758244065e-10, NEXT -2.1003381960152513e-10
70000, now 2.0408163265306123e-10, NEXT -2.040758018742167e-10
71000, now 1.9837333862328903e-10, NEXT -1.9836775075997308e-10
72000, now 1.9290123456790124e-10, NEXT -1.9289587631190494e-10
73000, now 1.8765246762994932e-10, NEXT -1.8764732657209105e-10
74000, now 1.8261504747991236e-10, NEXT -1.8261011203813152e-10
75000, now 1.7777777777777778e-10, NEXT -1.7777303713185017e-10
76000, now 1.7313019390581719e-10, NEXT -1.7312563793800344e-10
77000, now 1.6866250632484399e-10, NEXT -1.6865812556586352e-10
78000, now 1.643655489809336e-10, NEXT -1.6436133456072438e-10
79000, now 1.602307322544464e-10, NEXT -1.6022667585723247e-10
80000, now 1.5625e-10, NEXT -1.5624609382324097e-10
81000, now 1.5241579027587258e-10, NEXT -1.5241202699271684e-10
82000, now 1.4872099940511601e-10, NEXT -1.4871737213001983e-10
83000, now 1.4515894904920887e-10, NEXT -1.4515545130642005e-10
84000, now 1.417233560090703e-10, NEXT -1.417199817037066e-10
85000, now 1.384083044982699e-10, NEXT -1.3840504788975138e-10
86000, now 1.3520822065981612e-10, NEXT -1.3520507633743442e-10
87000, now 1.321178491214163e-10, NEXT -1.3211481198184706e-10
88000, now 1.2913223140495868e-10, NEXT -1.291292966315423e-10
89000, now 1.2624668602449185e-10, NEXT -1.262438490681255e-10
90000, now 1.2345679012345679e-10, NEXT -1.234540466849559e-10
91000, now 1.2075836251660428e-10, NEXT -1.2075570853040595e-10
92000, now 1.1814744801512288e-10, NEXT -1.181448796342158e-10
93000, now 1.1562030292519366e-10, NEXT -1.1561781650716983e-10
94000, now 1.1317338162064283e-10, NEXT -1.1317097371477713e-10
95000, now 1.10803324099723e-10, NEXT -1.108009914349946e-10
96000, now 1.0850694444444444e-10, NEXT -1.0850468391842264e-10
97000, now 1.0628122010840684e-10, NEXT -1.0627902877693041e-10
98000, now 1.0412328196584757e-10, NEXT -1.0412115703343402e-10
99000, now 1.020304050607081e-10, NEXT -1.0202834387163402e-10
100000, now 1e-10, NEXT -9.99980000299996e-11
101000, now 9.802960494069209e-11, NEXT -9.802766378922526e-11
102000, now 9.611687812379853e-11, NEXT -9.611499350684445e-11
103000, now 9.425959091337543e-11, NEXT -9.4257760656711e-11
104000, now 9.245562130177515e-11, NEXT -9.24538433347016e-11
105000, now 9.0702947845805e-11, NEXT -9.070122019528868e-11
106000, now 8.8999644001424e-11, NEXT -8.899796478662044e-11
107000, now 8.734387282732116e-11, NEXT -8.734224025445396e-11
108000, now 8.573388203017833e-11, NEXT -8.573229438774691e-11
109000, now 8.416799932665601e-11, NEXT -8.416645498094838e-11
110000, now 8.264462809917355e-11, NEXT -8.26431254900619e-11
111000, now 8.116224332440549e-11, NEXT -8.116078096140458e-11
112000, now 7.971938775510204e-11, NEXT -7.971796421367172e-11
113000, now 7.831466833737959e-11, NEXT -7.831328225545438e-11
114000, now 7.694675284702986e-11, NEXT -7.694540292175965e-11
115000, now 7.561436672967863e-11, NEXT -7.561305171436617e-11
116000, now 7.431629013079667e-11, NEXT -7.431500883201813e-11
117000, now 7.305135510263715e-11, NEXT -7.305010637753361e-11
118000, now 7.181844297615628e-11, NEXT -7.181722572988441e-11
119000, now 7.06164818868724e-11, NEXT -7.061529507020395e-11
120000, now 6.944444444444444e-11, NEXT -6.944328705150446e-11
121000, now 6.830134553650706e-11, NEXT -6.830021660264203e-11
122000, now 6.718624025799517e-11, NEXT -6.718513885776227e-11
123000, now 6.609822195782933e-11, NEXT -6.60971472030994e-11
124000, now 6.503642039542143e-11, NEXT -6.5035371433588e-11
125000, now 6.4e-11, NEXT -6.399897601228787e-11
126000, now 6.298815822625347e-11, NEXT -6.298715842612052e-11
127000, now 6.2000124000248e-11, NEXT -6.199914763187441e-11
128000, now 6.103515625e-11, NEXT -6.103420258685934e-11
129000, now 6.009254251547384e-11, NEXT -6.009161085898124e-11
130000, now 5.91715976331361e-11, NEXT -5.917068731136854e-11
131000, now 5.827166249053086e-11, NEXT -5.827077285701537e-11
132000, now 5.73921028466483e-11, NEXT -5.73912332792139e-11
133000, now 5.6532308214144387e-11, NEXT -5.6531458113834036e-11
134000, now 5.569169079973268e-11, NEXT -5.569085958977161e-11
135000, now 5.486968449931413e-11, NEXT -5.4868871624131283e-11
136000, now 5.406574394463668e-11, NEXT -5.406494886893613e-11
137000, now 5.3279343598486865e-11, NEXT -5.327856580636638e-11
138000, now 5.250997689561016e-11, NEXT -5.250921588972407e-11
139000, now 5.1757155426737744e-11, NEXT -5.175641072750175e-11
140000, now 5.102040816326531e-11, NEXT -5.1019679308100716e-11
141000, now 5.02992807202857e-11, NEXT -5.0298567262900924e-11
142000, now 4.959333465582226e-11, NEXT -4.9592636165529474e-11
143000, now 4.890214680424471e-11, NEXT -4.8901462865309746e-11
144000, now 4.822530864197531e-11, NEXT -4.822463885299893e-11
145000, now 4.756242568370987e-11, NEXT -4.7561769657038655e-11
146000, now 4.691311690748733e-11, NEXT -4.6912474268652704e-11
147000, now 4.627701420704336e-11, NEXT -4.6276384594227075e-11
148000, now 4.565376186997809e-11, NEXT -4.565314493350285e-11
149000, now 4.504301608035674e-11, NEXT -4.504241148220062e-11
150000, now 4.4444444444444444e-11, NEXT -4.4443851857777723e-11
151000, now 4.385772553835358e-11, NEXT -4.385714464709703e-11
152000, now 4.3282548476454297e-11, NEXT -4.3281978974857584e-11
153000, now 4.2718612499466015e-11, NEXT -4.2718054091705324e-11
154000, now 4.2165626581210997e-11, NEXT -4.216507898100476e-11
155000, now 4.162330905306972e-11, NEXT -4.162277198331165e-11
156000, now 4.10913872452334e-11, NEXT -4.109086043764187e-11
157000, now 4.056959714390036e-11, NEXT -4.05690803386833e-11
158000, now 4.00576830636116e-11, NEXT -4.005717600914613e-11
159000, now 3.955539733396622e-11, NEXT -3.955489978649235e-11
160000, now 3.90625e-11, NEXT -3.90620117233276e-11
161000, now 3.8578758535550324e-11, NEXT -3.857827930077879e-11
162000, now 3.8103947568968145e-11, NEXT -3.8103477154218054e-11
163000, now 3.7637848620572845e-11, NEXT -3.763738681072913e-11
164000, now 3.7180249851279004e-11, NEXT -3.717979643774497e-11
165000, now 3.6730945821854915e-11, NEXT -3.6730500602316646e-11
166000, now 3.628973726230222e-11, NEXT -3.6289300040502874e-11
167000, now 3.58564308508731e-11, NEXT -3.585600143639658e-11
168000, now 3.5430839002267574e-11, NEXT -3.543041721033117e-11
169000, now 3.501277966457757e-11, NEXT -3.501236531583316e-11
170000, now 3.460207612456747e-11, NEXT -3.460166904491083e-11
171000, now 3.419855682090216e-11, NEXT -3.419815684129004e-11
172000, now 3.380205516495403e-11, NEXT -3.3801662121228655e-11
173000, now 3.341240936883959e-11, NEXT -3.3412023101560184e-11
174000, now 3.302946228035408e-11, NEXT -3.302908263463516e-11
175000, now 3.2653061224489795e-11, NEXT -3.265268804984587e-11
176000, now 3.228305785123967e-11, NEXT -3.228269100143611e-11
177000, now 3.191930798940279e-11, NEXT -3.191894732231252e-11
178000, now 3.156167150612296e-11, NEXT -3.156131688358882e-11
179000, now 3.121001217190475e-11, NEXT -3.120966345960712e-11
180000, now 3.0864197530864196e-11, NEXT -3.086385459819385e-11
181000, now 3.052409877598364e-11, NEXT -3.0523761495919374e-11
182000, now 3.018959062915107e-11, NEXT -3.0189258878142104e-11
183000, now 2.986055122577563e-11, NEXT -2.9860224883628427e-11
184000, now 2.953686200378072e-11, NEXT -2.953654095355011e-11
185000, now 2.921840759678597e-11, NEXT -2.921809172467038e-11
186000, now 2.8905075731298415e-11, NEXT -2.890476492653898e-11
187000, now 2.8596757127741714e-11, NEXT -2.8596451282525205e-11
188000, now 2.8293345405160708e-11, NEXT -2.8293044414526005e-11
189000, now 2.7994736989445983e-11, NEXT -2.799444075119402e-11
190000, now 2.770083102493075e-11, NEXT -2.770053943953774e-11
191000, now 2.7411529289219045e-11, NEXT -2.74112422597529e-11
192000, now 2.712673611111111e-11, NEXT -2.712645354315085e-11
193000, now 2.6846358291497757e-11, NEXT -2.6846080093055866e-11
194000, now 2.657030502710171e-11, NEXT -2.6570031108549258e-11
195000, now 2.6298487836949375e-11, NEXT -2.6298218110943814e-11
196000, now 2.6030820491461892e-11, NEXT -2.603055487287743e-11
197000, now 2.5767218944059367e-11, NEXT -2.576695734991979e-11
198000, now 2.5507601265177023e-11, NEXT -2.550734361459089e-11
199000, now 2.52518875785965e-11, NEXT -2.52516337926946e-11
200000, now 2.5e-11, NEXT -2.4999750001874988e-11
201000, now 2.4751862577658967e-11, NEXT -2.4751616292307092e-11
202000, now 2.4507401235173022e-11, NEXT -2.4507158589437866e-11
203000, now 2.4266543716178505e-11, NEXT -2.4266304638696653e-11
204000, now 2.4029219530949633e-11, NEXT -2.4028983952098195e-11
205000, now 2.379535990481856e-11, NEXT -2.3795127756664476e-11
206000, now 2.3564897728343858e-11, NEXT -2.3564668944594923e-11
207000, now 2.3337767509160073e-11, NEXT -2.33375420251176e-11
208000, now 2.311390532544379e-11, NEXT -2.3113683077956866e-11
209000, now 2.2893248780934504e-11, NEXT -2.289302970835578e-11
210000, now 2.267573696145125e-11, NEXT -2.2675521003594173e-11
211000, now 2.246131039284832e-11, NEXT -2.2461097490945794e-11
212000, now 2.2249911000356e-11, NEXT -2.2249701097020408e-11
213000, now 2.2041482069254338e-11, NEXT -2.2041275108438856e-11
214000, now 2.183596820683029e-11, NEXT -2.1835764133791488e-11
215000, now 2.1633315305570578e-11, NEXT -2.1633114066832195e-11
216000, now 2.1433470507544583e-11, NEXT -2.1433272050862498e-11
217000, now 2.123638216993353e-11, NEXT -2.1236186444261867e-11
218000, now 2.1041999831664002e-11, NEXT -2.1041806787122276e-11
219000, now 2.085027418110548e-11, NEXT -2.0850083768946833e-11
220000, now 2.0661157024793387e-11, NEXT -2.0660969197373805e-11
221000, now 2.0474601257140517e-11, NEXT -2.0474415967889024e-11
222000, now 2.0290560831101373e-11, NEXT -2.029037803449116e-11
223000, now 2.0108990729755274e-11, NEXT -2.0108810381275737e-11
224000, now 1.992984693877551e-11, NEXT -1.9929668994905145e-11
225000, now 1.9753086419753087e-11, NEXT -1.9752910837933236e-11
226000, now 1.9578667084344897e-11, NEXT -1.9578493822954296e-11
227000, now 1.9406547769217334e-11, NEXT -1.9406376787547442e-11
228000, now 1.9236688211757465e-11, NEXT -1.9236519469988556e-11
229000, now 1.9069049026525048e-11, NEXT -1.9068882485703033e-11
230000, now 1.890359168241966e-11, NEXT -1.8903427304433583e-11
231000, now 1.874027848053822e-11, NEXT -1.874011622809847e-11
232000, now 1.8579072532699167e-11, NEXT -1.857891236931632e-11
233000, now 1.8419937740610438e-11, NEXT -1.8419779630574746e-11
234000, now 1.8262838775659287e-11, NEXT -1.8262682684020768e-11
235000, now 1.8107741059302854e-11, NEXT -1.810758695185197e-11
236000, now 1.795461074403907e-11, NEXT -1.7954458587287997e-11
237000, now 1.7803414694938488e-11, NEXT -1.7803264456102914e-11
238000, now 1.76541204717181e-11, NEXT -1.7653972118699552e-11
239000, now 1.7506696311339088e-11, NEXT -1.7506549812707812e-11
240000, now 1.736111111111111e-11, NEXT -1.7360966436089406e-11
241000, now 1.721733441228629e-11, NEXT -1.721719153073234e-11
242000, now 1.7075336384126766e-11, NEXT -1.707519526651895e-11
243000, now 1.6935087808430285e-11, NEXT -1.693494842585192e-11
244000, now 1.6796560064498792e-11, NEXT -1.679642238862332e-11
245000, now 1.665972511453561e-11, NEXT -1.665958911761221e-11
246000, now 1.6524555489457332e-11, NEXT -1.6524421144296922e-11
247000, now 1.639102427510695e-11, NEXT -1.639089155506861e-11
248000, now 1.6259105098855357e-11, NEXT -1.6258973977833117e-11
249000, now 1.6128772116578766e-11, NEXT -1.6128642568988758e-11
250000, now 1.6e-11, NEXT -1.5999872000767995e-11
251000, now 1.5872763924382152e-11, NEXT -1.5872637448931413e-11
252000, now 1.5747039556563367e-11, NEXT -1.5746914580802854e-11
253000, now 1.5622803043322033e-11, NEXT -1.562267954363493e-11
254000, now 1.5500031000062e-11, NEXT -1.549990895329456e-11
255000, now 1.5378700499807767e-11, NEXT -1.5378579883258453e-11
256000, now 1.52587890625e-11, NEXT -1.5258669853908936e-11
257000, now 1.5140274644582052e-11, NEXT -1.5140156822120747e-11
258000, now 1.502313562886846e-11, NEXT -1.502301917112981e-11
259000, now 1.4907350814686723e-11, NEXT -1.49072357006753e-11
260000, now 1.4792899408284025e-11, NEXT -1.47927856174066e-11
261000, now 1.46797610134907e-11, NEXT -1.4679648525547042e-11
262000, now 1.4567915622632715e-11, NEXT -1.4567804417806614e-11
263000, now 1.4457343607685523e-11, NEXT -1.445723366653608e-11
264000, now 1.4348025711662075e-11, NEXT -1.4347917015115188e-11
265000, now 1.4239943040227839e-11, NEXT -1.4239835569567936e-11
266000, now 1.4133077053536097e-11, NEXT -1.4132970790398079e-11
267000, now 1.4027409558276872e-11, NEXT -1.4027304484638274e-11
268000, now 1.392292269993317e-11, NEXT -1.3922818798106502e-11
269000, now 1.3819598955238318e-11, NEXT -1.3819496207863638e-11
270000, now 1.3717421124828532e-11, NEXT -1.3717319514866181e-11
271000, now 1.3616372326084884e-11, NEXT -1.3616271836808434e-11
272000, now 1.351643598615917e-11, NEXT -1.3516336601148528e-11
273000, now 1.3417595835178252e-11, NEXT -1.341749753831296e-11
274000, now 1.3319835899621716e-11, NEXT -1.3319738675074408e-11
275000, now 1.3223140495867768e-11, NEXT -1.3223044328097805e-11
276000, now 1.312749422390254e-11, NEXT -1.3127399097649794e-11
277000, now 1.3032881961188077e-11, NEXT -1.3032787861466876e-11
278000, now 1.2939288856684436e-11, NEXT -1.2939195768777669e-11
279000, now 1.2846700325021518e-11, NEXT -1.2846608234474873e-11
280000, now 1.2755102040816327e-11, NEXT -1.2755010933432683e-11
281000, now 1.2664479933131546e-11, NEXT -1.26643897949655e-11
282000, now 1.2574820180071425e-11, NEXT -1.2574730997423957e-11
283000, now 1.2486109203511094e-11, NEXT -1.2486020962924358e-11
284000, now 1.2398333663955564e-11, NEXT -1.2398246352207817e-11
285000, now 1.2311480455524777e-11, NEXT -1.2311394059625419e-11
286000, now 1.2225536701061177e-11, NEXT -1.2225451208245922e-11
287000, now 1.2140489747356408e-11, NEXT -1.2140405145082572e-11
288000, now 1.2056327160493827e-11, NEXT -1.205624343643572e-11
289000, now 1.1973036721303625e-11, NEXT -1.1972953863348069e-11
290000, now 1.1890606420927467e-11, NEXT -1.1890524417169411e-11
291000, now 1.180902445648965e-11, NEXT -1.1808943295227893e-11
292000, now 1.1728279226871833e-11, NEXT -1.1728198896604854e-11
293000, now 1.1648359328588568e-11, NEXT -1.1648279818010441e-11
294000, now 1.156925355176084e-11, NEXT -1.1569174849757268e-11
295000, now 1.1490950876185005e-11, NEXT -1.1490872971829426e-11
296000, now 1.1413440467494522e-11, NEXT -1.1413363350044322e-11
297000, now 1.133671167341201e-11, NEXT -1.1336635332304821e-11
298000, now 1.1260754020089185e-11, NEXT -1.1260678444939261e-11
299000, now 1.1185557208532344e-11, NEXT -1.1185482389127033e-11
300000, now 1.1111111111111111e-11, NEXT -1.1111037037407406e-11
301000, now 1.1037405768148254e-11, NEXT -1.1037332430269419e-11
302000, now 1.0964431384588395e-11, NEXT -1.0964358772820675e-11
303000, now 1.0892178326743565e-11, NEXT -1.089210643153297e-11
304000, now 1.0820637119113574e-11, NEXT -1.082056593106273e-11
305000, now 1.0749798441279225e-11, NEXT -1.0749727951144317e-11
306000, now 1.0679653124866504e-11, NEXT -1.0679583323554256e-11
307000, now 1.0610192150579848e-11, NEXT -1.0610123029144606e-11
308000, now 1.0541406645302749e-11, NEXT -1.054133819494361e-11
309000, now 1.0473287879263938e-11, NEXT -1.0473220091321941e-11
310000, now 1.040582726326743e-11, NEXT -1.0405760129222832e-11
311000, now 1.0339016345984844e-11, NEXT -1.0338949857454428e-11
312000, now 1.027284681130835e-11, NEXT -1.0272780960042819e-11
313000, now 1.0207310475762742e-11, NEXT -1.0207245253644153e-11
314000, now 1.014239928597509e-11, NEXT -1.0142334685014357e-11
315000, now 1.0078105316200554e-11, NEXT -1.0078041328534997e-11
316000, now 1.00144207659029e-11, NEXT -1.0014357383793854e-11
317000, now 9.951337957388371e-12, NEXT -9.95127517321885e-12
318000, now 9.888849333491555e-12, NEXT -9.888787139763957e-12
319000, now 9.826947455311957e-12, NEXT -9.82688584464583e-12
320000, now 9.765625e-12, NEXT -9.765563965129851e-12
321000, now 9.70487475859124e-12, NEXT -9.704814292364394e-12
322000, now 9.644689633887581e-12, NEXT -9.644629729262082e-12
323000, now 9.585062638384341e-12, NEXT -9.585003288426907e-12
324000, now 9.525986892242036e-12, NEXT -9.525928090126045e-12
325000, now 9.467455621301775e-12, NEXT -9.467397360305311e-12
326000, now 9.409462155143211e-12, NEXT -9.409404428647137e-12
327000, now 9.351999925184001e-12, NEXT -9.351942726670079e-12
328000, now 9.295062462819751e-12, NEXT -9.295005785868804e-12
329000, now 9.238643397603495e-12, NEXT -9.23858723589361e-12
330000, now 9.182736455463729e-12, NEXT -9.18268080276848e-12
331000, now 9.12733545696005e-12, NEXT -9.12728030714679e-12
332000, now 9.072434315575554e-12, NEXT -9.072379662603713e-12
333000, now 9.018027036045054e-12, NEXT -9.017972873964486e-12
334000, now 8.964107712718275e-12, NEXT -8.964054035667648e-12
335000, now 8.910670527957229e-12, NEXT -8.910617330162426e-12
336000, now 8.857709750566893e-12, NEXT -8.857657026339468e-12
337000, now 8.805219734258468e-12, NEXT -8.805167477994123e-12
338000, now 8.753194916144392e-12, NEXT -8.753143122321489e-12
339000, now 8.701629815264399e-12, NEXT -8.701578478442495e-12
340000, now 8.650519031141868e-12, NEXT -8.650468145960296e-12
341000, now 8.599857242369777e-12, NEXT -8.59980680354624e-12
342000, now 8.54963920522554e-12, NEXT -8.549589207554738e-12
343000, now 8.499859752314087e-12, NEXT -8.499810190666383e-12
344000, now 8.450513791238508e-12, NEXT -8.450464660558606e-12
345000, now 8.401596303297627e-12, NEXT -8.40154759860328e-12
346000, now 8.353102342209897e-12, NEXT -8.353054058590651e-12
347000, now 8.305027032862992e-12, NEXT -8.304979165478943e-12
348000, now 8.25736557008852e-12, NEXT -8.257318114169105e-12
349000, now 8.210113217461268e-12, NEXT -8.210066168304073e-12
350000, now 8.163265306122449e-12, NEXT -8.163218659092044e-12
351000, now 8.11681723362635e-12, NEXT -8.11677098415315e-12
352000, now 8.070764462809917e-12, NEXT -8.070718606389063e-12
353000, now 8.025102520684702e-12, NEXT -8.025057052874958e-12
354000, now 7.979826997350697e-12, NEXT -7.979781913773382e-12
355000, now 7.93493354493156e-12, NEXT -7.934888841269493e-12
356000, now 7.89041787653074e-12, NEXT -7.890373548527199e-12
357000, now 7.846275765208045e-12, NEXT -7.846231808665759e-12
358000, now 7.802503042976187e-12, NEXT -7.802459453756348e-12
359000, now 7.759095599816885e-12, NEXT -7.759052373838164e-12
360000, now 7.716049382716049e-12, NEXT -7.716006515953645e-12
361000, now 7.673360394717659e-12, NEXT -7.673317883202361e-12
362000, now 7.63102469399591e-12, NEXT -7.630982533813181e-12
363000, now 7.58903839294523e-12, NEXT -7.588996580234302e-12
364000, now 7.547397657287768e-12, NEXT -7.54735618824076e-12
365000, now 7.506098705197974e-12, NEXT -7.506057576059024e-12
366000, now 7.465137806443907e-12, NEXT -7.465097013508324e-12
367000, now 7.424511281544893e-12, NEXT -7.424470821158318e-12
368000, now 7.38421550094518e-12, NEXT -7.384175369502776e-12
369000, now 7.344246884203259e-12, NEXT -7.344207078148897e-12
370000, now 7.304601899196493e-12, NEXT -7.304562415021975e-12
371000, now 7.2652770613407345e-12, NEXT -7.265237895585009e-12
372000, now 7.226268932824604e-12, NEXT -7.226230082073019e-12
373000, now 7.1875741218581315e-12, NEXT -7.187535582741684e-12
374000, now 7.1491892819354285e-12, NEXT -7.149151051130034e-12
375000, now 7.111111111111111e-12, NEXT -7.1110731853368885e-12
376000, now 7.073336351290177e-12, NEXT -7.073298727310744e-12
377000, now 7.035861787531046e-12, NEXT -7.035824462152831e-12
378000, now 6.998684247361496e-12, NEXT -6.998647217433057e-12
379000, now 6.961800600107212e-12, NEXT -6.961763862518574e-12
380000, now 6.925207756232687e-12, NEXT -6.925171307914687e-12
381000, now 6.888902666694222e-12, NEXT -6.88886650461787e-12
382000, now 6.852882322304761e-12, NEXT -6.8528464434806085e-12
383000, now 6.817143753110322e-12, NEXT -6.817108154587846e-12
384000, now 6.781684027777778e-12, NEXT -6.781648706644773e-12
385000, now 6.74650025299376e-12, NEXT -6.7464652063757435e-12
386000, now 6.711589572874439e-12, NEXT -6.711554797934068e-12
387000, now 6.6769491683859814e-12, NEXT -6.676914662322473e-12
388000, now 6.6425762567754275e-12, NEXT -6.642542016824001e-12
389000, now 6.608468091011823e-12, NEXT -6.608434114443141e-12
390000, now 6.574621959237344e-12, NEXT -6.574588243356973e-12
391000, now 6.541035184228256e-12, NEXT -6.541001726376129e-12
392000, now 6.507705122865473e-12, NEXT -6.507671920415366e-12
393000, now 6.4746291656145395e-12, NEXT -6.474596215973556e-12
394000, now 6.441804736014842e-12, NEXT -6.441772036622906e-12
395000, now 6.409229290177856e-12, NEXT -6.409196838507216e-12
396000, now 6.376900316294256e-12, NEXT -6.376868109848996e-12
397000, now 6.344815334149699e-12, NEXT -6.34478337046526e-12
398000, now 6.312971894649125e-12, NEXT -6.312940171291828e-12
399000, now 6.2813675793493756e-12, NEXT -6.281336093915966e-12
400000, now 6.25e-12, NEXT -6.249968750117187e-12
401000, now 6.218866798092051e-12, NEXT -6.218835781416064e-12
402000, now 6.187965644414742e-12, NEXT -6.187934858630886e-12
403000, now 6.157294238619781e-12, NEXT -6.157263681442011e-12
404000, now 6.1268503087932555e-12, NEXT -6.126819977963747e-12
405000, now 6.096631611034903e-12, NEXT -6.096601504323639e-12
406000, now 6.066635929044626e-12, NEXT -6.0666060442489835e-12
407000, now 6.036861073716111e-12, NEXT -6.03683140866046e-12
408000, now 6.007304882737408e-12, NEXT -6.007275435272717e-12
409000, now 5.977965220198349e-12, NEXT -5.9779359882017904e-12
410000, now 5.94883997620464e-12, NEXT -5.948810957579215e-12
411000, now 5.919927066498541e-12, NEXT -5.919898259172696e-12
412000, now 5.8912244320859645e-12, NEXT -5.8911958340132295e-12
413000, now 5.8627300388699e-12, NEXT -5.862701648028516e-12
414000, now 5.834441877290018e-12, NEXT -5.834413691682588e-12
415000, now 5.806357961968355e-12, NEXT -5.806329979621487e-12
416000, now 5.778476331360947e-12, NEXT -5.77844855032491e-12
417000, now 5.750795047415305e-12, NEXT -5.750767465763693e-12
418000, now 5.723312195233626e-12, NEXT -5.7232848110630174e-12
419000, now 5.696025882741611e-12, NEXT -5.695998694171247e-12
420000, now 5.668934240362812e-12, NEXT -5.6689072455342675e-12
421000, now 5.6420354206983715e-12, NEXT -5.642008617775243e-12
422000, now 5.61532759821208e-12, NEXT -5.615300985379669e-12
423000, now 5.588808968920633e-12, NEXT -5.588782544385643e-12
424000, now 5.562477750089e-12, NEXT -5.5624515120792285e-12
425000, now 5.5363321799307955e-12, NEXT -5.536306126694843e-12
426000, now 5.5103705173135845e-12, NEXT -5.510344647120558e-12
427000, now 5.484591041468993e-12, NEXT -5.4845653526082205e-12
428000, now 5.4589920517075725e-12, NEXT -5.458966542488321e-12
429000, now 5.433571867138301e-12, NEXT -5.4335465358894955e-12
430000, now 5.4083288263926446e-12, NEXT -5.408303671462597e-12
431000, now 5.3832612873531045e-12, NEXT -5.3832363071092424e-12
432000, now 5.358367626886146e-12, NEXT -5.358342819714749e-12
433000, now 5.3336462405794475e-12, NEXT -5.333621604885388e-12
434000, now 5.309095542483383e-12, NEXT -5.309071076689866e-12
435000, now 5.284713964856652e-12, NEXT -5.284689667404966e-12
436000, now 5.2604999579160005e-12, NEXT -5.260475827265267e-12
437000, now 5.2364519895899335e-12, NEXT -5.236428024216865e-12
438000, now 5.21256854527637e-12, NEXT -5.2125447436750275e-12
439000, now 5.188848127604153e-12, NEXT -5.188824488285711e-12
440000, now 5.165289256198347e-12, NEXT -5.1652657776908596e-12
441000, now 5.141890467449262e-12, NEXT -5.141867148297434e-12
442000, now 5.118650314285129e-12, NEXT -5.118627153050091e-12
443000, now 5.095567365948361e-12, NEXT -5.095544361207448e-12
444000, now 5.072640207775343e-12, NEXT -5.072617358121872e-12
445000, now 5.0498674409796745e-12, NEXT -5.049844745022735e-12
446000, now 5.0272476824388186e-12, NEXT -5.027225138803057e-12
447000, now 5.004779564484082e-12, NEXT -5.004757171809497e-12
448000, now 4.982461734693878e-12, NEXT -4.982439491635608e-12
449000, now 4.9602928556902e-12, NEXT -4.960270760918331e-12
450000, now 4.938271604938272e-12, NEXT -4.938249657137631e-12
451000, now 4.916396674549289e-12, NEXT -4.916374872419254e-12
452000, now 4.894666771086224e-12, NEXT -4.8946451133405265e-12
453000, now 4.87308061537262e-12, NEXT -4.873059100739157e-12
454000, now 4.851636942304334e-12, NEXT -4.851615569524982e-12
455000, now 4.830334500664171e-12, NEXT -4.8303132684946035e-12
456000, now 4.809172052939366e-12, NEXT -4.809150960148869e-12
457000, now 4.788148375141849e-12, NEXT -4.788127420513143e-12
458000, now 4.767262256631262e-12, NEXT -4.76724143896033e-12
459000, now 4.746512499940669e-12, NEXT -4.746491818036579e-12
460000, now 4.725897920604915e-12, NEXT -4.725877373289653e-12
461000, now 4.705417346991592e-12, NEXT -4.705396933099893e-12
462000, now 4.685069620134555e-12, NEXT -4.6850493385137374e-12
463000, now 4.664853593569966e-12, NEXT -4.664833443079768e-12
464000, now 4.644768133174792e-12, NEXT -4.644748112687215e-12
465000, now 4.624812117007746e-12, NEXT -4.6247922254068935e-12
466000, now 4.6049844351526094e-12, NEXT -4.6049646713345305e-12
467000, now 4.585283989563894e-12, NEXT -4.585264352436434e-12
468000, now 4.565709693914822e-12, NEXT -4.565690182397471e-12
469000, now 4.546260473447566e-12, NEXT -4.546241086471305e-12
470000, now 4.526935264825713e-12, NEXT -4.5269160013328735e-12
471000, now 4.507733015988929e-12, NEXT -4.507713874933047e-12
472000, now 4.488652686009767e-12, NEXT -4.48863366635544e-12
473000, now 4.469693244952599e-12, NEXT -4.469674345675345e-12
474000, now 4.450853673734622e-12, NEXT -4.4508348938207455e-12
475000, now 4.4321329639889196e-12, NEXT -4.432114302435371e-12
476000, now 4.413530117929525e-12, NEXT -4.413511573743769e-12
477000, now 4.395044148218469e-12, NEXT -4.395025720418354e-12
478000, now 4.376674077834772e-12, NEXT -4.376655765448397e-12
479000, now 4.358418939945345e-12, NEXT -4.358400742010934e-12
480000, now 4.340277777777778e-12, NEXT -4.340259693343551e-12
481000, now 4.322249644494967e-12, NEXT -4.322231672619018e-12
482000, now 4.3043336030715726e-12, NEXT -4.304315742821748e-12
483000, now 4.286528726172259e-12, NEXT -4.2865109766260305e-12
484000, now 4.2688340960316915e-12, NEXT -4.268816456276047e-12
485000, now 4.251248804336274e-12, NEXT -4.251231273467589e-12
486000, now 4.233771952107571e-12, NEXT -4.233754529231502e-12
487000, now 4.216402649587425e-12, NEXT -4.216385333818789e-12
488000, now 4.199140016124698e-12, NEXT -4.199122806587366e-12
489000, now 4.18198318006365e-12, NEXT -4.181966075890431e-12
490000, now 4.164931278633902e-12, NEXT -4.1649142789664376e-12
491000, now 4.14798345784197e-12, NEXT -4.147966561830623e-12
492000, now 4.131138872364333e-12, NEXT -4.131122079168083e-12
493000, now 4.11439668544203e-12, NEXT -4.114379994228371e-12
494000, now 4.097756068776738e-12, NEXT -4.097739478721571e-12
495000, now 4.081216202428323e-12, NEXT -4.081199712715858e-12
496000, now 4.064776274713839e-12, NEXT -4.064759884536493e-12
497000, now 4.0484354821079395e-12, NEXT -4.048419190666235e-12
498000, now 4.0321930291446916e-12, NEXT -4.032176835647165e-12
499000, now 4.01604812832077e-12, NEXT -4.016032031983872e-12
500000, now 4e-12, NEXT -3.9999840000479995e-12
501000, now 3.984047872319234e-12, NEXT -3.984031967984128e-12
502000, now 3.968190981095538e-12, NEXT -3.968175171616957e-12
503000, now 3.9524285697346734e-12, NEXT -3.95241285435979e-12
504000, now 3.936759889140842e-12, NEXT -3.9367442671242834e-12
505000, now 3.921184197627684e-12, NEXT -3.921168668231444e-12
506000, now 3.905700760830508e-12, NEXT -3.905685323323857e-12
507000, now 3.89030885161973e-12, NEXT -3.890293505279131e-12
508000, now 3.8750077500155e-12, NEXT -3.874992494124523e-12
509000, now 3.859796743103508e-12, NEXT -3.859781576952748e-12
510000, now 3.844675124951942e-12, NEXT -3.844660047838933e-12
511000, now 3.829642196529578e-12, NEXT -3.8296272077587176e-12
512000, now 3.814697265625e-12, NEXT -3.814682364507462e-12
513000, now 3.799839646766907e-12, NEXT -3.799824832620567e-12
514000, now 3.785068661145513e-12, NEXT -3.7850539332948704e-12
515000, now 3.770383636535017e-12, NEXT -3.770368994311115e-12
516000, now 3.755783907217115e-12, NEXT -3.755769349957466e-12
517000, now 3.741268813905548e-12, NEXT -3.741254340954062e-12
518000, now 3.726837703671681e-12, NEXT -3.726823314378585e-12
519000, now 3.712489929871065e-12, NEXT -3.7124756235928376e-12
520000, now 3.698224852071006e-12, NEXT -3.6982106281702975e-12
521000, now 3.684041835979089e-12, NEXT -3.684027693824658e-12
522000, now 3.669940253372675e-12, NEXT -3.669926192339313e-12
523000, now 3.655919482029328e-12, NEXT -3.6559055014977916e-12
524000, now 3.641978905658179e-12, NEXT -3.641965005015124e-12
525000, now 3.6281179138321995e-12, NEXT -3.6281040924701125e-12
526000, now 3.614335901921381e-12, NEXT -3.6143221592385108e-12
527000, now 3.6006322710267925e-12, NEXT -3.600618606427086e-12
528000, now 3.587006427915519e-12, NEXT -3.5869928408085583e-12
529000, now 3.5734577849564575e-12, NEXT -3.573444274757394e-12
530000, now 3.5599857600569597e-12, NEXT -3.5599723261864516e-12
531000, now 3.54658977660031e-12, NEXT -3.5465764184844607e-12
532000, now 3.533269263384024e-12, NEXT -3.5332559804543202e-12
533000, now 3.5200236545589586e-12, NEXT -3.5200104462522106e-12
534000, now 3.506852389569218e-12, NEXT -3.5068392553274995e-12
535000, now 3.4937549130928467e-12, NEXT -3.493741852363435e-12
536000, now 3.4807306749832926e-12, NEXT -3.480717687218613e-12
537000, now 3.4677791302116384e-12, NEXT -3.467766214869204e-12
538000, now 3.4548997388095796e-12, NEXT -3.454886895351936e-12
539000, now 3.4420919658131425e-12, NEXT -3.4420791937078113e-12
540000, now 3.429355281207133e-12, NEXT -3.429342579926558e-12
541000, now 3.4166891598703023e-12, NEXT -3.416676528891794e-12
542000, now 3.404093081521221e-12, NEXT -3.4040805203269014e-12
543000, now 3.391566530664849e-12, NEXT -3.3915540387416013e-12
544000, now 3.3791089965397924e-12, NEXT -3.379096573379207e-12
545000, now 3.3667199730662404e-12, NEXT -3.3667076181645637e-12
546000, now 3.354398958794563e-12, NEXT -3.354386671652646e-12
547000, now 3.342145456854573e-12, NEXT -3.3421332369778203e-12
548000, now 3.329958974905429e-12, NEXT -3.32994682180375e-12
549000, now 3.317839025086181e-12, NEXT -3.3178269382739406e-12
550000, now 3.305785123966942e-12, NEXT -3.3057731029629122e-12
551000, now 3.2937967925006834e-12, NEXT -3.2937848368279946e-12
552000, now 3.281873555975635e-12, NEXT -3.28186166516173e-12
553000, now 3.270014943968294e-12, NEXT -3.2700031175448794e-12
554000, now 3.2582204902970193e-12, NEXT -3.2582087278000215e-12
555000, now 3.2464897329762196e-12, NEXT -3.2464780339457376e-12
556000, now 3.234822214171109e-12, NEXT -3.234810578151371e-12
557000, now 3.223217480153038e-12, NEXT -3.223205906692356e-12
558000, now 3.2116750812553796e-12, NEXT -3.2116635699061044e-12
559000, now 3.2001945718299674e-12, NEXT -3.2001831221484483e-12
560000, now 3.1887755102040818e-12, NEXT -3.1887641217506215e-12
561000, now 3.177417458637968e-12, NEXT -3.1774061309767815e-12
562000, now 3.1661199832828865e-12, NEXT -3.166108715982058e-12
563000, now 3.1548826541396794e-12, NEXT -3.154871446771123e-12
564000, now 3.143705045017856e-12, NEXT -3.1436938971572744e-12
565000, now 3.1325867334951835e-12, NEXT -3.1325756447220266e-12
566000, now 3.1215273008777735e-12, NEXT -3.1215162707752e-12
567000, now 3.110526332160665e-12, NEXT -3.1105153603155034e-12
568000, now 3.099583415988891e-12, NEXT -3.0995725019916006e-12
569000, now 3.0886981446190246e-12, NEXT -3.0886872880636564e-12
570000, now 3.0778701138811943e-12, NEXT -3.077859314365355e-12
571000, now 3.0670989231415682e-12, NEXT -3.067088180266381e-12
572000, now 3.0563841752652943e-12, NEXT -3.056373488635363e-12
573000, now 3.045725476579894e-12, NEXT -3.0457148458032676e-12
574000, now 3.035122436839102e-12, NEXT -3.0351118615272367e-12
575000, now 3.0245746691871455e-12, NEXT -3.0245641489548708e-12
576000, now 3.014081790123457e-12, NEXT -3.0140713245889396e-12
577000, now 3.0036434194678143e-12, NEXT -3.003633008252525e-12
578000, now 2.9932591803259062e-12, NEXT -2.9932488230545828e-12
579000, now 2.9829286990553066e-12, NEXT -2.982918395355924e-12
580000, now 2.972651605231867e-12, NEXT -2.9726413547356002e-12
581000, now 2.962427531616508e-12, NEXT -2.962417333957701e-12
582000, now 2.9522561141224125e-12, NEXT -2.9522459689385454e-12
583000, now 2.9421369917826114e-12, NEXT -2.9421268987142684e-12
584000, now 2.932069806717958e-12, NEXT -2.932059765408795e-12
585000, now 2.922054204105486e-12, NEXT -2.9220442142021983e-12
586000, now 2.912089832147142e-12, NEXT -2.9120798932994358e-12
587000, now 2.902176342038895e-12, NEXT -2.902166453899454e-12
588000, now 2.89231338794021e-12, NEXT -2.8923035501646672e-12
589000, now 2.8825006269438864e-12, NEXT -2.8824908391907926e-12
590000, now 2.8727377190462513e-12, NEXT -2.872727980977046e-12
591000, now 2.8630243271177077e-12, NEXT -2.8630146383966902e-12
592000, now 2.8533601168736306e-12, NEXT -2.8533504771679306e-12
593000, now 2.8437447568456047e-12, NEXT -2.843735165825154e-12
594000, now 2.8341779183530023e-12, NEXT -2.8341683756905065e-12
595000, now 2.824659275474896e-12, NEXT -2.824649780845805e-12
596000, now 2.8151885050222963e-12, NEXT -2.8151790581047802e-12
597000, now 2.805765286510722e-12, NEXT -2.8057558869856407e-12
598000, now 2.796389302133086e-12, NEXT -2.7963799496839627e-12
599000, now 2.7870602367328964e-12, NEXT -2.7870509310458934e-12
600000, now 2.7777777777777777e-12, NEXT -2.7777685185416667e-12
601000, now 2.768541615333291e-12, NEXT -2.768532402239429e-12
602000, now 2.7593514420370634e-12, NEXT -2.7593422747793673e-12
603000, now 2.750206953073219e-12, NEXT -2.7501978313481383e-12
604000, now 2.7411078461470987e-12, NEXT -2.741098769653593e-12
605000, now 2.732053821460283e-12, NEXT -2.732044789899794e-12
606000, now 2.723044581685891e-12, NEXT -2.7230355947623222e-12
607000, now 2.7140798319441768e-12, NEXT -2.7140708893638638e-12
608000, now 2.7051592797783935e-12, NEXT -2.7051503812500845e-12
609000, now 2.696282635130945e-12, NEXT -2.6962737803657756e-12
610000, now 2.6874496103198064e-12, NEXT -2.687440799031276e-12
611000, now 2.6786599200152147e-12, NEXT -2.6786511519191628e-12
612000, now 2.669913281216626e-12, NEXT -2.66990455603121e-12
613000, now 2.6612094132299366e-12, NEXT -2.6612007306756093e-12
614000, now 2.652548037644962e-12, NEXT -2.652539397444449e-12
615000, now 2.6439288783131736e-12, NEXT -2.6439202801914506e-12
616000, now 2.6353516613256873e-12, NEXT -2.6353431050099597e-12
617000, now 2.6268161149915024e-12, NEXT -2.6268076002111815e-12
618000, now 2.6183219698159844e-12, NEXT -2.6183134963026682e-12
619000, now 2.6098689584795947e-12, NEXT -2.609860525967045e-12
620000, now 2.6014568158168576e-12, NEXT -2.60144842404098e-12
621000, now 2.5930852787955638e-12, NEXT -2.5930769274943873e-12
622000, now 2.584754086496211e-12, NEXT -2.5847457754098662e-12
623000, now 2.5764629800916705e-12, NEXT -2.5764547089623714e-12
624000, now 2.5682117028270874e-12, NEXT -2.568203471399109e-12
625000, now 2.56e-12, NEXT -2.5599918080196607e-12
626000, now 2.5518276189406854e-12, NEXT -2.5518194661563265e-12
627000, now 2.5436943089927224e-12, NEXT -2.5436861951546885e-12
628000, now 2.5355998214937725e-12, NEXT -2.5355917463543932e-12
629000, now 2.527543909756572e-12, NEXT -2.5275358730701424e-12
630000, now 2.5195263290501386e-12, NEXT -2.5195183305729e-12
631000, now 2.511546836581182e-12, NEXT -2.511538876071305e-12
632000, now 2.503605191475725e-12, NEXT -2.5035972686932903e-12
633000, now 2.4957011547609243e-12, NEXT -2.4956932694679046e-12
634000, now 2.4878344893470928e-12, NEXT -2.4878266413073346e-12
635000, now 2.48000496000992e-12, NEXT -2.479997148989127e-12
636000, now 2.4722123333728887e-12, NEXT -2.4722045591386035e-12
637000, now 2.4644563778898832e-12, NEXT -2.46444864021147e-12
638000, now 2.4567368638279893e-12, NEXT -2.4567291624766165e-12
639000, now 2.449053563250482e-12, NEXT -2.449045897999107e-12
640000, now 2.44140625e-12, NEXT -2.44139862062335e-12
641000, now 2.433794699681903e-12, NEXT -2.4337871059564604e-12
642000, now 2.42621868964781e-12, NEXT -2.4262111313517946e-12
643000, now 2.4186779989793177e-12, NEXT -2.4186704758926718e-12
644000, now 2.4111724084718953e-12, NEXT -2.4111649203762668e-12
645000, now 2.4037017006189534e-12, NEXT -2.40369424729768e-12
646000, now 2.3962656595960853e-12, NEXT -2.39625824083418e-12
647000, now 2.388864071245482e-12, NEXT -2.388856686829615e-12
648000, now 2.381496723060509e-12, NEXT -2.3814893727789956e-12
649000, now 2.3741634041704556e-12, NEXT -2.3741560878132383e-12
650000, now 2.366863905325444e-12, NEXT -2.3668566226840796e-12
651000, now 2.359598018881503e-12, NEXT -2.359590769749147e-12
652000, now 2.352365538785803e-12, NEXT -2.3523583229571928e-12
653000, now 2.3451662605620427e-12, NEXT -2.3451590778334865e-12
654000, now 2.3379999812960003e-12, NEXT -2.3379928314653614e-12
655000, now 2.3308664996212342e-12, NEXT -2.3308593824879156e-12
656000, now 2.3237656157049377e-12, NEXT -2.3237585310698697e-12
657000, now 2.3166971312339425e-12, NEXT -2.316690078899568e-12
658000, now 2.309660849400874e-12, NEXT -2.3096538291711347e-12
659000, now 2.302656574890451e-12, NEXT -2.302649586570774e-12
660000, now 2.295684113865932e-12, NEXT -2.295677157263216e-12
661000, now 2.2887432739557035e-12, NEXT -2.2887363488783052e-12
662000, now 2.2818338642400124e-12, NEXT -2.2818269704977347e-12
663000, now 2.2749556952378354e-12, NEXT -2.2749488326419128e-12
664000, now 2.2681085788938886e-12, NEXT -2.2681017472569756e-12
665000, now 2.2612923285657754e-12, NEXT -2.261285527701932e-12
666000, now 2.2545067590112636e-12, NEXT -2.2544999887359445e-12
667000, now 2.2477516863757026e-12, NEXT -2.2477449465057434e-12
668000, now 2.241026928179569e-12, NEXT -2.241020218533174e-12
669000, now 2.2343323033061415e-12, NEXT -2.2343256237028723e-12
670000, now 2.227667631989307e-12, NEXT -2.2276609822500692e-12
671000, now 2.221032735801493e-12, NEXT -2.221026115748525e-12
672000, now 2.2144274376417234e-12, NEXT -2.2144208470985843e-12
673000, now 2.2078515617238023e-12, NEXT -2.20784500051536e-12
674000, now 2.201304933564617e-12, NEXT -2.201298401517037e-12
675000, now 2.194787379972565e-12, NEXT -2.194780876913298e-12
676000, now 2.188298729036098e-12, NEXT -2.1882922547938693e-12
677000, now 2.1818388101123864e-12, NEXT -2.1818323645171845e-12
678000, now 2.1754074538160997e-12, NEXT -2.1754010366991648e-12
679000, now 2.169004492008303e-12, NEXT -2.168998103202116e-12
680000, now 2.162629757785467e-12, NEXT -2.16262339712374e-12
681000, now 2.1562830854685926e-12, NEXT -2.1562767527862552e-12
682000, now 2.1499643105924443e-12, NEXT -2.149958005725635e-12
683000, now 2.143673269894896e-12, NEXT -2.1436669926809514e-12
684000, now 2.137409801306385e-12, NEXT -2.1374035515838293e-12
685000, now 2.1311737439394745e-12, NEXT -2.1311675215480084e-12
686000, now 2.124964938078522e-12, NEXT -2.1249587428590123e-12
687000, now 2.11878322516945e-12, NEXT -2.118777056963921e-12
688000, now 2.112628447809627e-12, NEXT -2.1126223064612496e-12
689000, now 2.106500449737846e-12, NEXT -2.1064943350909265e-12
690000, now 2.1003990758244067e-12, NEXT -2.100392987724378e-12
691000, now 2.0943241720612966e-12, NEXT -2.09431811035471e-12
692000, now 2.0882755855524743e-12, NEXT -2.0882695500869857e-12
693000, now 2.0822531645042467e-12, NEXT -2.0822471551286118e-12
694000, now 2.076256758215748e-12, NEXT -2.0762507747798094e-12
695000, now 2.07028621706951e-12, NEXT -2.0702802594241896e-12
696000, now 2.06434139252213e-12, NEXT -2.0643354605194185e-12
697000, now 2.0584221370950313e-12, NEXT -2.0584162305879805e-12
698000, now 2.052528304365317e-12, NEXT -2.052522423208029e-12
699000, now 2.046659748956715e-12, NEXT -2.0466538930043346e-12
700000, now 2.040816326530612e-12, NEXT -2.040810495639317e-12
701000, now 2.03499789377718e-12, NEXT -2.034992087804172e-12
702000, now 2.0292043084065876e-12, NEXT -2.0291985272100847e-12
703000, now 2.023435429140303e-12, NEXT -2.02342967257953e-12
704000, now 2.0176911157024793e-12, NEXT -2.0176853836376593e-12
705000, now 2.011971228811428e-12, NEXT -2.011965521103774e-12
706000, now 2.0062756301711754e-12, NEXT -2.0062699466828822e-12
707000, now 2.000604182463104e-12, NEXT -2.000598523057339e-12
708000, now 1.9949567493376743e-12, NEXT -1.9949511138785707e-12
709000, now 1.9893331954062317e-12, NEXT -1.9893275837588788e-12
710000, now 1.98373338623289e-12, NEXT -1.9837277982633262e-12
711000, now 1.978157188326499e-12, NEXT -1.9781516239017026e-12
712000, now 1.972604469132685e-12, NEXT -1.9725989281205692e-12
713000, now 1.9670750970259793e-12, NEXT -1.9670695792953795e-12
714000, now 1.961568941302011e-12, NEXT -1.961563446722682e-12
715000, now 1.9560858721697882e-12, NEXT -1.9560804006123937e-12
716000, now 1.9506257607440467e-12, NEXT -1.9506203120801523e-12
717000, now 1.9451884790376762e-12, NEXT -1.9451830531397415e-12
718000, now 1.9397738999542213e-12, NEXT -1.939768496695593e-12
719000, now 1.9343818972804527e-12, NEXT -1.9343765165353575e-12
720000, now 1.9290123456790123e-12, NEXT -1.9290069873225487e-12
721000, now 1.9236651206811313e-12, NEXT -1.9236597845892627e-12
722000, now 1.9183400986794148e-12, NEXT -1.9183347847289626e-12
723000, now 1.9130371569206987e-12, NEXT -1.9130318649893353e-12
724000, now 1.9077561734989775e-12, NEXT -1.907750903465218e-12
725000, now 1.9024970273483948e-12, NEXT -1.9024917790915917e-12
726000, now 1.8972595982363077e-12, NEXT -1.8972543716366428e-12
727000, now 1.8920437667564128e-12, NEXT -1.8920385616948916e-12
728000, now 1.886849414321942e-12, NEXT -1.886844230680385e-12
729000, now 1.8816764231589206e-12, NEXT -1.8816712608199593e-12
730000, now 1.8765246762994935e-12, NEXT -1.8765195351465608e-12
731000, now 1.8713940575753096e-12, NEXT -1.8713889374926353e-12
732000, now 1.8662844516109768e-12, NEXT -1.86627935248358e-12
733000, now 1.861195743817573e-12, NEXT -1.8611906655312563e-12
734000, now 1.8561278203862233e-12, NEXT -1.856122762827566e-12
735000, now 1.8510805682817345e-12, NEXT -1.8510755313380865e-12
736000, now 1.846053875236295e-12, NEXT -1.846048858795771e-12
737000, now 1.8410476297432293e-12, NEXT -1.841042633694701e-12
738000, now 1.8360617210508147e-12, NEXT -1.8360567452839064e-12
739000, now 1.8310960391561576e-12, NEXT -1.831091083561239e-12
740000, now 1.8261504747991233e-12, NEXT -1.826145539267304e-12
741000, now 1.821224919456328e-12, NEXT -1.8212200038794514e-12
742000, now 1.8163192653351836e-12, NEXT -1.816314369605821e-12
743000, now 1.8114334053680017e-12, NEXT -1.8114285293794462e-12
744000, now 1.806567233206151e-12, NEXT -1.8065623768524119e-12
745000, now 1.8017206432142696e-12, NEXT -1.8017158063900667e-12
746000, now 1.7968935304645329e-12, NEXT -1.7968887130652906e-12
747000, now 1.7920857907309738e-12, NEXT -1.7920809926528155e-12
748000, now 1.7872973204838571e-12, NEXT -1.7872925416235996e-12
749000, now 1.7825280168841055e-12, NEXT -1.7825232571392533e-12
750000, now 1.7777777777777778e-12, NEXT -1.7777730370465186e-12
751000, now 1.7730465016905999e-12, NEXT -1.7730417798717974e-12
752000, now 1.7683340878225442e-12, NEXT -1.7683293848157341e-12
753000, now 1.7636404360424613e-12, NEXT -1.7636357517478457e-12
754000, now 1.7589654468827615e-12, NEXT -1.7589607812012027e-12
755000, now 1.7543090215341432e-12, NEXT -1.75430437436716e-12
756000, now 1.749671061840374e-12, NEXT -1.7496664330901353e-12
757000, now 1.7450514702931163e-12, NEXT -1.745046859862436e-12
758000, now 1.740450150026803e-12, NEXT -1.7404455578191358e-12
759000, now 1.7358670048135591e-12, NEXT -1.7358624307329946e-12
760000, now 1.7313019390581718e-12, NEXT -1.7312973830094295e-12
761000, now 1.7267548577931037e-12, NEXT -1.7267503196815288e-12
762000, now 1.7222256666735555e-12, NEXT -1.7222211464051134e-12
763000, now 1.7177142719725715e-12, NEXT -1.7177097694538427e-12
764000, now 1.7132205805761903e-12, NEXT -1.713216095714366e-12
765000, now 1.7087444999786407e-12, NEXT -1.708740032681518e-12
766000, now 1.7042859382775806e-12, NEXT -1.7042814884535572e-12
767000, now 1.6998448041693793e-12, NEXT -1.6998403717274501e-12
768000, now 1.6954210069444444e-12, NEXT -1.6954165917941956e-12
769000, now 1.6910144564825884e-12, NEXT -1.6910100585341931e-12
770000, now 1.68662506324844e-12, NEXT -1.6866206824126538e-12
771000, now 1.6822527382868947e-12, NEXT -1.6822483744750518e-12
772000, now 1.6778973932186098e-12, NEXT -1.6778930463426175e-12
773000, now 1.6735589402355368e-12, NEXT -1.6735546102078711e-12
774000, now 1.6692372920964954e-12, NEXT -1.6692329788301977e-12
775000, now 1.6649323621227887e-12, NEXT -1.6649280655314606e-12
776000, now 1.6606440641938569e-12, NEXT -1.6606397841916554e-12
777000, now 1.656372312742969e-12, NEXT -1.6563680492446034e-12
778000, now 1.6521170227529557e-12, NEXT -1.652112775673682e-12
779000, now 1.647878109751978e-12, NEXT -1.6478738790075961e-12
780000, now 1.643655489809336e-12, NEXT -1.6436512753161848e-12
781000, now 1.6394490795313143e-12, NEXT -1.6394448812062674e-12
782000, now 1.635258796057064e-12, NEXT -1.635254613817526e-12
783000, now 1.6310845570545224e-12, NEXT -1.6310803908184242e-12
784000, now 1.6269262807163682e-12, NEXT -1.6269221304021642e-12
785000, now 1.6227838857560144e-12, NEXT -1.6227797512826772e-12
786000, now 1.6186572914036349e-12, NEXT -1.6186531726906517e-12
787000, now 1.6145464174022271e-12, NEXT -1.6145423143695966e-12
788000, now 1.6104511840037105e-12, NEXT -1.6104470965719378e-12
789000, now 1.6063715119650581e-12, NEXT -1.606367440055152e-12
790000, now 1.602307322544464e-12, NEXT -1.602303266077932e-12
791000, now 1.5982585374975428e-12, NEXT -1.598254496396388e-12
792000, now 1.594225079073564e-12, NEXT -1.5942210532602817e-12
793000, now 1.5902068700117198e-12, NEXT -1.5902028594092934e-12
794000, now 1.5862038335374248e-12, NEXT -1.5861998380693218e-12
795000, now 1.5822158933586488e-12, NEXT -1.5822119129488172e-12
796000, now 1.5782429736622812e-12, NEXT -1.5782390082351466e-12
797000, now 1.574284999110529e-12, NEXT -1.5742810485909902e-12
798000, now 1.5703418948373439e-12, NEXT -1.57033795915077e-12
799000, now 1.5664135864448833e-12, NEXT -1.5664096655171094e-12
800000, now 1.5625e-12, NEXT -1.5624960937573243e-12
801000, now 1.5586010620307637e-12, NEXT -1.5585971703999438e-12
802000, now 1.5547166995230128e-12, NEXT -1.554712822431263e-12
803000, now 1.5508468399169367e-12, NEXT -1.550842977291923e-12
804000, now 1.5469914111036855e-12, NEXT -1.546987562873524e-12
805000, now 1.543150341422013e-12, NEXT -1.5431465075152652e-12
806000, now 1.5393235596549452e-12, NEXT -1.5393197400006155e-12
807000, now 1.5355109950264798e-12, NEXT -1.5355071895540116e-12
808000, now 1.5317125771983139e-12, NEXT -1.531708785837587e-12
809000, now 1.5279282362665991e-12, NEXT -1.5279244589479259e-12
810000, now 1.5241579027587257e-12, NEXT -1.5241541394128486e-12
811000, now 1.520401507630135e-12, NEXT -1.5203977581882225e-12
812000, now 1.5166589822611565e-12, NEXT -1.5166552466548004e-12
813000, now 1.512930258453876e-12, NEXT -1.5129265366150887e-12
814000, now 1.5092152684290277e-12, NEXT -1.5092115602902382e-12
815000, now 1.505513944822914e-12, NEXT -1.5055102503169655e-12
816000, now 1.501826220684352e-12, NEXT -1.5018225397444993e-12
817000, now 1.4981520294716467e-12, NEXT -1.4981483620315515e-12
818000, now 1.4944913050495872e-12, NEXT -1.494487651043317e-12
819000, now 1.4908439816864725e-12, NEXT -1.4908403410484965e-12
820000, now 1.48720999405116e-12, NEXT -1.4872063667163466e-12
821000, now 1.48358927721014e-12, NEXT -1.4835856631137535e-12
822000, now 1.4799817666246353e-12, NEXT -1.4799781657023337e-12
823000, now 1.4763873981477243e-12, NEXT -1.476383810335556e-12
824000, now 1.4728061080214911e-12, NEXT -1.4728025332558918e-12
825000, now 1.4692378328741965e-12, NEXT -1.4692342710919866e-12
826000, now 1.465682509717475e-12, NEXT -1.4656789608558574e-12
827000, now 1.4621400759435555e-12, NEXT -1.462136539940112e-12
828000, now 1.4586104693225046e-12, NEXT -1.4586069461151931e-12
829000, now 1.4550936279994937e-12, NEXT -1.4550901175266464e-12
830000, now 1.4515894904920888e-12, NEXT -1.451585992692409e-12
831000, now 1.448097995687564e-12, NEXT -1.448094510500123e-12
832000, now 1.4446190828402368e-12, NEXT -1.4446156102044715e-12
833000, now 1.4411526915688244e-12, NEXT -1.4411492314245352e-12
834000, now 1.4376987618538263e-12, NEXT -1.437695314141174e-12
835000, now 1.434257234034924e-12, NEXT -1.4342537986944271e-12
836000, now 1.4308280488084065e-12, NEXT -1.4308246257809387e-12
837000, now 1.427411147224613e-12, NEXT -1.4274077364514013e-12
838000, now 1.4240064706854028e-12, NEXT -1.4240030721080239e-12
839000, now 1.4206139609416398e-12, NEXT -1.4206105745020186e-12
840000, now 1.417233560090703e-12, NEXT -1.4172301857311093e-12
841000, now 1.4138652105740151e-12, NEXT -1.4138618482370619e-12
842000, now 1.4105088551745929e-12, NEXT -1.410505504803233e-12
843000, now 1.4071644370146162e-12, NEXT -1.4071610985521414e-12
844000, now 1.40383189955302e-12, NEXT -1.4038285729430563e-12
845000, now 1.4005111865831027e-12, NEXT -1.4005078717696105e-12
846000, now 1.3972022422301582e-12, NEXT -1.397198939157428e-12
847000, now 1.3939050109491238e-12, NEXT -1.3939017195617747e-12
848000, now 1.39061943752225e-12, NEXT -1.390616157765227e-12
849000, now 1.3873454670567883e-12, NEXT -1.3873421988753608e-12
850000, now 1.3840830449826989e-12, NEXT -1.3840797883224578e-12
851000, now 1.380832117050377e-12, NEXT -1.380828871857232e-12
852000, now 1.3775926293283961e-12, NEXT -1.3775893955485744e-12
853000, now 1.374364528201273e-12, NEXT -1.3743613057813165e-12
854000, now 1.3711477603672483e-12, NEXT -1.3711445492540117e-12
855000, now 1.3679422728360863e-12, NEXT -1.3679390729767344e-12
856000, now 1.3647480129268931e-12, NEXT -1.3647448242688992e-12
857000, now 1.3615649282659517e-12, NEXT -1.361561750757095e-12
858000, now 1.3583929667845752e-12, NEXT -1.3583898003729388e-12
859000, now 1.3552320767169774e-12, NEXT -1.3552289213509467e-12
860000, now 1.3520822065981611e-12, NEXT -1.3520790622264208e-12
861000, now 1.348943305261823e-12, NEXT -1.3489401718333557e-12
862000, now 1.3458153218382761e-12, NEXT -1.3458121993023597e-12
863000, now 1.3426982057523878e-12, NEXT -1.342695094058594e-12
864000, now 1.3395919067215364e-12, NEXT -1.3395888058197284e-12
865000, now 1.3364963747535835e-12, NEXT -1.3364932845939137e-12
866000, now 1.3334115601448619e-12, NEXT -1.3334084806777706e-12
867000, now 1.3303374134781805e-12, NEXT -1.330334344654393e-12
868000, now 1.3272738856208457e-12, NEXT -1.327270827391371e-12
869000, now 1.3242209277226976e-12, NEXT -1.3242178800388266e-12
870000, now 1.321178491214163e-12, NEXT -1.3211754540274657e-12
871000, now 1.3181465278043238e-12, NEXT -1.318143501066648e-12
872000, now 1.3151249894790001e-12, NEXT -1.3151219731424697e-12
873000, now 1.31211382849885e-12, NEXT -1.3121108225158625e-12
874000, now 1.3091129973974834e-12, NEXT -1.3091100017207084e-12
875000, now 1.3061224489795918e-12, NEXT -1.3061194635619692e-12
876000, now 1.3031421363190925e-12, NEXT -1.3031391611138302e-12
877000, now 1.3001720127572878e-12, NEXT -1.3001690477178603e-12
878000, now 1.2972120319010382e-12, NEXT -1.2972090769811848e-12
879000, now 1.294262147620952e-12, NEXT -1.2942592027746745e-12
880000, now 1.2913223140495867e-12, NEXT -1.2913193792311482e-12
881000, now 1.288392485579667e-12, NEXT -1.28838956074359e-12
882000, now 1.2854726168623156e-12, NEXT -1.2854697019633798e-12
883000, now 1.282562662805298e-12, NEXT -1.282559757798539e-12
884000, now 1.2796625785712823e-12, NEXT -1.27965968341199e-12
885000, now 1.2767723195761116e-12, NEXT -1.276769434219828e-12
886000, now 1.2738918414870903e-12, NEXT -1.2738889658896078e-12
887000, now 1.2710211002212847e-12, NEXT -1.271018234338645e-12
888000, now 1.2681600519438358e-12, NEXT -1.2681571957323271e-12
889000, now 1.2653086530662856e-12, NEXT -1.265305806482443e-12
890000, now 1.2624668602449186e-12, NEXT -1.2624640232455198e-12
891000, now 1.2596346303791123e-12, NEXT -1.2596318029211778e-12
892000, now 1.2568119206097046e-12, NEXT -1.2568091026504958e-12
893000, now 1.253998688317372e-12, NEXT -1.253995879814389e-12
894000, now 1.2511948911210205e-12, NEXT -1.2511920920320008e-12
895000, now 1.2484004868761898e-12, NEXT -1.248397697159107e-12
896000, now 1.2456154336734694e-12, NEXT -1.245612653286531e-12
897000, now 1.242839689836927e-12, NEXT -1.2428369187385736e-12
898000, now 1.24007321392255e-12, NEXT -1.240070452071453e-12
899000, now 1.237315964716698e-12, NEXT -1.2373132120717587e-12
900000, now 1.234567901234568e-12, NEXT -1.2345651577549155e-12
901000, now 1.2318289827186711e-12, NEXT -1.2318262483636613e-12
902000, now 1.2290991686373223e-12, NEXT -1.2290964433665358e-12
903000, now 1.2263784186831393e-12, NEXT -1.2263757024563807e-12
904000, now 1.223666692771556e-12, NEXT -1.2236639855488517e-12
905000, now 1.2209639510393455e-12, NEXT -1.2209612527809426e-12
906000, now 1.218270153843155e-12, NEXT -1.2182674645095195e-12
907000, now 1.2155852617580523e-12, NEXT -1.2155825813098684e-12
908000, now 1.2129092355760834e-12, NEXT -1.212906563974251e-12
909000, now 1.2102420363048406e-12, NEXT -1.2102393735104749e-12
910000, now 1.2075836251660428e-12, NEXT -1.2075809711404721e-12
911000, now 1.2049339635941251e-12, NEXT -1.20493131829889e-12
912000, now 1.2022930132348416e-12, NEXT -1.2022903766316929e-12
913000, now 1.1996607359438751e-12, NEXT -1.1996581079947732e-12
914000, now 1.1970370937854622e-12, NEXT -1.1970344744525754e-12
915000, now 1.1944220490310252e-12, NEXT -1.194419438276728e-12
916000, now 1.1918155641578155e-12, NEXT -1.1918129619446878e-12
917000, now 1.1892176018475686e-12, NEXT -1.1892150081383938e-12
918000, now 1.1866281249851672e-12, NEXT -1.1866255397429317e-12
919000, now 1.1840470966573166e-12, NEXT -1.1840445198452078e-12
920000, now 1.1814744801512287e-12, NEXT -1.1814719117326334e-12
921000, now 1.1789102389533164e-12, NEXT -1.1789076788918203e-12
922000, now 1.176354336747898e-12, NEXT -1.1763517850072841e-12
923000, now 1.1738067374159115e-12, NEXT -1.173804193960159e-12
924000, now 1.1712674050336388e-12, NEXT -1.171264869826921e-12
925000, now 1.168736303871439e-12, NEXT -1.168733776878123e-12
926000, now 1.1662133983924915e-12, NEXT -1.1662108795771367e-12
927000, now 1.1636986532515486e-12, NEXT -1.163696142578905e-12
928000, now 1.161192033293698e-12, NEXT -1.1611895307287057e-12
929000, now 1.1586935035531337e-12, NEXT -1.1586910090609212e-12
930000, now 1.1562030292519365e-12, NEXT -1.1562005427978196e-12
931000, now 1.153720575798865e-12, NEXT -1.153718097348345e-12
932000, now 1.1512461087881524e-12, NEXT -1.1512436383069164e-12
933000, now 1.1487795939983158e-12, NEXT -1.1487771314522342e-12
934000, now 1.1463209973909735e-12, NEXT -1.1463185427460989e-12
935000, now 1.1438702851096686e-12, NEXT -1.1438678383322354e-12
936000, now 1.1414274234787054e-12, NEXT -1.141424984535128e-12
937000, now 1.138992379001992e-12, NEXT -1.1389899478588637e-12
938000, now 1.1365651183618914e-12, NEXT -1.1365626949859834e-12
939000, now 1.1341456084180824e-12, NEXT -1.1341431927763429e-12
940000, now 1.1317338162064283e-12, NEXT -1.131731408265981e-12
941000, now 1.1293297089378542e-12, NEXT -1.1293273086659971e-12
942000, now 1.1269332539972322e-12, NEXT -1.126930861361437e-12
943000, now 1.124544418942276e-12, NEXT -1.1245420339101865e-12
944000, now 1.1221631715024418e-12, NEXT -1.1221607940418732e-12
945000, now 1.1197894795778394e-12, NEXT -1.1197871096567766e-12
946000, now 1.1174233112381497e-12, NEXT -1.117420948824747e-12
947000, now 1.1150646347215516e-12, NEXT -1.1150622797841313e-12
948000, now 1.1127134184336555e-12, NEXT -1.1127110709407067e-12
949000, now 1.1103696309464458e-12, NEXT -1.110367290866623e-12
950000, now 1.1080332409972299e-12, NEXT -1.108030908299353e-12
951000, now 1.1057042174875968e-12, NEXT -1.1057018921406493e-12
952000, now 1.1033825294823812e-12, NEXT -1.1033802114555094e-12
953000, now 1.101068146208637e-12, NEXT -1.1010658354711488e-12
954000, now 1.0987610370546172e-12, NEXT -1.0987587335759811e-12
955000, now 1.0964611715687617e-12, NEXT -1.096458875318606e-12
956000, now 1.094168519458693e-12, NEXT -1.0941662304068045e-12
957000, now 1.0918830505902173e-12, NEXT -1.091880768706541e-12
958000, now 1.0896047349863363e-12, NEXT -1.0896024602409733e-12
959000, now 1.0873335428262626e-12, NEXT -1.08733127518947e-12
960000, now 1.0850694444444444e-12, NEXT -1.0850671838866339e-12
961000, now 1.0828124103295973e-12, NEXT -1.0828101568213346e-12
962000, now 1.0805624111237417e-12, NEXT -1.0805601646357453e-12
963000, now 1.078319417621249e-12, NEXT -1.0783171781243892e-12
964000, now 1.0760834007678931e-12, NEXT -1.0760811682331911e-12
965000, now 1.0738543316599104e-12, NEXT -1.0738521060585373e-12
966000, now 1.0716321815430647e-12, NEXT -1.071629962846341e-12
967000, now 1.0694169218117205e-12, NEXT -1.0694147099911146e-12
968000, now 1.0672085240079229e-12, NEXT -1.0672063190350505e-12
969000, now 1.0650069598204825e-12, NEXT -1.0650047616671054e-12
970000, now 1.0628122010840685e-12, NEXT -1.062810009722094e-12
971000, now 1.0606242197783083e-12, NEXT -1.0606220351797886e-12
972000, now 1.0584429880268928e-12, NEXT -1.0584408101640233e-12
973000, now 1.0562684780966888e-12, NEXT -1.0562663069418075e-12
974000, now 1.0541006623968562e-12, NEXT -1.0540984979224435e-12
975000, now 1.051939513477975e-12, NEXT -1.0519373556566517e-12
976000, now 1.0497850040311745e-12, NEXT -1.0497828528357018e-12
977000, now 1.047637106887271e-12, NEXT -1.0476349622905497e-12
978000, now 1.0454957950159124e-12, NEXT -1.0454936569909809e-12
979000, now 1.0433610415247261e-12, NEXT -1.043358910044761e-12
980000, now 1.0412328196584756e-12, NEXT -1.04123069469679e-12
981000, now 1.0391111027982222e-12, NEXT -1.0391089843282652e-12
982000, now 1.0369958644604925e-12, NEXT -1.036993752455848e-12
983000, now 1.0348870782964516e-12, NEXT -1.034884972730838e-12
984000, now 1.0327847180910833e-12, NEXT -1.0327826189383523e-12
985000, now 1.0306887577623748e-12, NEXT -1.0306866649965103e-12
986000, now 1.0285991713605075e-12, NEXT -1.0285970849556262e-12
987000, now 1.0265159330670551e-12, NEXT -1.0265138529974037e-12
988000, now 1.0244390171941844e-12, NEXT -1.0244369434341403e-12
989000, now 1.0223683981838647e-12, NEXT -1.0223663307079345e-12
990000, now 1.0203040506070808e-12, NEXT -1.0203019893898996e-12
991000, now 1.0182459491630527e-12, NEXT -1.0182438941793838e-12
992000, now 1.0161940686784598e-12, NEXT -1.0161920199031937e-12
993000, now 1.0141483841066722e-12, NEXT -1.0141463415148249e-12
994000, now 1.0121088705269849e-12, NEXT -1.0121068340936987e-12
995000, now 1.01007550314386e-12, NEXT -1.0100734728444018e-12
996000, now 1.0080482572861729e-12, NEXT -1.0080462330959335e-12
997000, now 1.0060271084064631e-12, NEXT -1.006025090300957e-12
998000, now 1.0040120320801925e-12, NEXT -1.004010020035056e-12
999000, now 1.002003004005006e-12, NEXT -1.002000997995998e-12
1000000, now 1e-12, NEXT -9.99998000003e-13
